<?xml version="1.0" encoding="UTF-8"?>
<testng-results skipped="0" failed="0" ignored="0" total="5" passed="5">
  <reporter-output>
  </reporter-output>
  <suite name="TestAll" duration-ms="32541" started-at="2018-04-02T02:41:59Z" finished-at="2018-04-02T02:42:32Z">
    <groups>
      <group name="cucumber">
        <method signature="AbstractTestNGCucumberTests.feature(cucumber.api.testng.CucumberFeatureWrapper)[pri:0, instance:com.clairvyont.cucumber.CountIncreaseCucumberTest@4f970963]" name="feature" class="cucumber.api.testng.AbstractTestNGCucumberTests"/>
      </group> <!-- cucumber -->
    </groups>
    <test name="PageObjectModel" duration-ms="7124" started-at="2018-04-02T02:41:59Z" finished-at="2018-04-02T02:42:06Z">
      <class name="com.clairvyont.PageObjectModel.TestLoginPage">
        <test-method status="PASS" signature="setUp()[pri:0, instance:com.clairvyont.PageObjectModel.TestLoginPage@343f4d3d]" name="setUp" is-config="true" duration-ms="5182" started-at="2018-04-01T21:41:59Z" finished-at="2018-04-01T21:42:04Z">
          <reporter-output>
          </reporter-output>
        </test-method> <!-- setUp -->
        <test-method status="PASS" signature="verifyLoginPage()[pri:0, instance:com.clairvyont.PageObjectModel.TestLoginPage@343f4d3d]" name="verifyLoginPage" duration-ms="1236" started-at="2018-04-01T21:42:04Z" finished-at="2018-04-01T21:42:05Z">
          <reporter-output>
          </reporter-output>
        </test-method> <!-- verifyLoginPage -->
        <test-method status="PASS" signature="afterTest()[pri:0, instance:com.clairvyont.PageObjectModel.TestLoginPage@343f4d3d]" name="afterTest" is-config="true" duration-ms="686" started-at="2018-04-01T21:42:05Z" finished-at="2018-04-01T21:42:06Z">
          <reporter-output>
          </reporter-output>
        </test-method> <!-- afterTest -->
      </class> <!-- com.clairvyont.PageObjectModel.TestLoginPage -->
    </test> <!-- PageObjectModel -->
    <test name="DataDrivenModel" duration-ms="9195" started-at="2018-04-02T02:42:06Z" finished-at="2018-04-02T02:42:15Z">
      <class name="com.clairvyont.datadriven.DataDrivenTest">
        <test-method status="PASS" signature="setUp()[pri:0, instance:com.clairvyont.datadriven.DataDrivenTest@73ad2d6]" name="setUp" is-config="true" duration-ms="5972" started-at="2018-04-01T21:42:06Z" finished-at="2018-04-01T21:42:12Z">
          <reporter-output>
          </reporter-output>
        </test-method> <!-- setUp -->
        <test-method status="PASS" signature="Execute()[pri:0, instance:com.clairvyont.datadriven.DataDrivenTest@73ad2d6]" name="Execute" duration-ms="2564" started-at="2018-04-01T21:42:12Z" finished-at="2018-04-01T21:42:15Z">
          <reporter-output>
          </reporter-output>
        </test-method> <!-- Execute -->
        <test-method status="PASS" signature="afterTest()[pri:0, instance:com.clairvyont.datadriven.DataDrivenTest@73ad2d6]" name="afterTest" is-config="true" duration-ms="658" started-at="2018-04-01T21:42:15Z" finished-at="2018-04-01T21:42:15Z">
          <reporter-output>
          </reporter-output>
        </test-method> <!-- afterTest -->
      </class> <!-- com.clairvyont.datadriven.DataDrivenTest -->
    </test> <!-- DataDrivenModel -->
    <test name="SeleniumAll" duration-ms="15266" started-at="2018-04-02T02:42:15Z" finished-at="2018-04-02T02:42:31Z">
      <class name="com.clairvyont.automation.SeleniumAllFunctions">
        <test-method status="PASS" signature="setUp()[pri:0, instance:com.clairvyont.automation.SeleniumAllFunctions@56ac3a89]" name="setUp" is-config="true" duration-ms="4701" started-at="2018-04-01T21:42:15Z" finished-at="2018-04-01T21:42:20Z">
          <reporter-output>
          </reporter-output>
        </test-method> <!-- setUp -->
        <test-method status="PASS" signature="register()[pri:0, instance:com.clairvyont.automation.SeleniumAllFunctions@56ac3a89]" name="register" duration-ms="9886" started-at="2018-04-01T21:42:20Z" finished-at="2018-04-01T21:42:30Z">
          <reporter-output>
          </reporter-output>
        </test-method> <!-- register -->
        <test-method status="PASS" signature="afterTest()[pri:0, instance:com.clairvyont.automation.SeleniumAllFunctions@56ac3a89]" name="afterTest" is-config="true" duration-ms="672" started-at="2018-04-01T21:42:30Z" finished-at="2018-04-01T21:42:31Z">
          <reporter-output>
          </reporter-output>
        </test-method> <!-- afterTest -->
      </class> <!-- com.clairvyont.automation.SeleniumAllFunctions -->
    </test> <!-- SeleniumAll -->
    <test name="jbehave" duration-ms="605" started-at="2018-04-02T02:42:31Z" finished-at="2018-04-02T02:42:31Z">
      <class name="com.clairvyont.jbehave.CountIncreaseTest">
        <test-method status="PASS" signature="run()[pri:0, instance:com.clairvyont.jbehave.CountIncreaseTest@2286778]" name="run" duration-ms="605" started-at="2018-04-01T21:42:31Z" finished-at="2018-04-01T21:42:31Z">
          <reporter-output>
          </reporter-output>
        </test-method> <!-- run -->
      </class> <!-- com.clairvyont.jbehave.CountIncreaseTest -->
    </test> <!-- jbehave -->
    <test name="cucumber" duration-ms="272" started-at="2018-04-02T02:42:31Z" finished-at="2018-04-02T02:42:32Z">
      <class name="com.clairvyont.cucumber.CountIncreaseCucumberTest">
        <test-method status="PASS" signature="setUpClass()[pri:0, instance:com.clairvyont.cucumber.CountIncreaseCucumberTest@4f970963]" name="setUpClass" is-config="true" duration-ms="194" started-at="2018-04-01T21:42:31Z" finished-at="2018-04-01T21:42:32Z">
          <reporter-output>
          </reporter-output>
        </test-method> <!-- setUpClass -->
        <test-method status="PASS" signature="feature(cucumber.api.testng.CucumberFeatureWrapper)[pri:0, instance:com.clairvyont.cucumber.CountIncreaseCucumberTest@4f970963]" name="feature" duration-ms="15" started-at="2018-04-01T21:42:32Z" description="Runs Cucumber Feature" data-provider="features" finished-at="2018-04-01T21:42:32Z">
          <params>
            <param index="0">
              <value>
                <![CDATA[Count]]>
              </value>
            </param>
          </params>
          <reporter-output>
          </reporter-output>
        </test-method> <!-- feature -->
        <test-method status="PASS" signature="tearDownClass()[pri:0, instance:com.clairvyont.cucumber.CountIncreaseCucumberTest@4f970963]" name="tearDownClass" is-config="true" duration-ms="0" started-at="2018-04-01T21:42:32Z" finished-at="2018-04-01T21:42:32Z">
          <reporter-output>
          </reporter-output>
        </test-method> <!-- tearDownClass -->
      </class> <!-- com.clairvyont.cucumber.CountIncreaseCucumberTest -->
    </test> <!-- cucumber -->
  </suite> <!-- TestAll -->
</testng-results>
